{"/home/rivari/Documents/hacktiv8/Server-Divided-We-Stand/app.js": {"path":"/home/rivari/Documents/hacktiv8/Server-Divided-We-Stand/app.js","statementMap":{"0":{"start":{"line":1,"column":12},"end":{"line":1,"column":32}},"1":{"start":{"line":2,"column":13},"end":{"line":2,"column":28}},"2":{"start":{"line":3,"column":13},"end":{"line":3,"column":46}},"3":{"start":{"line":4,"column":13},"end":{"line":4,"column":37}},"4":{"start":{"line":5,"column":11},"end":{"line":5,"column":37}},"5":{"start":{"line":8,"column":0},"end":{"line":8,"column":16}},"6":{"start":{"line":10,"column":12},"end":{"line":10,"column":14}},"7":{"start":{"line":11,"column":18},"end":{"line":11,"column":20}},"8":{"start":{"line":12,"column":17},"end":{"line":12,"column":19}},"9":{"start":{"line":14,"column":16},"end":{"line":14,"column":18}},"10":{"start":{"line":15,"column":16},"end":{"line":15,"column":18}},"11":{"start":{"line":18,"column":18},"end":{"line":18,"column":20}},"12":{"start":{"line":19,"column":17},"end":{"line":19,"column":19}},"13":{"start":{"line":22,"column":0},"end":{"line":195,"column":3}},"14":{"start":{"line":23,"column":2},"end":{"line":23,"column":34}},"15":{"start":{"line":47,"column":2},"end":{"line":62,"column":5}},"16":{"start":{"line":48,"column":15},"end":{"line":58,"column":5}},"17":{"start":{"line":59,"column":4},"end":{"line":59,"column":21}},"18":{"start":{"line":60,"column":4},"end":{"line":60,"column":25}},"19":{"start":{"line":61,"column":4},"end":{"line":61,"column":33}},"20":{"start":{"line":64,"column":2},"end":{"line":86,"column":5}},"21":{"start":{"line":65,"column":4},"end":{"line":85,"column":7}},"22":{"start":{"line":66,"column":23},"end":{"line":66,"column":70}},"23":{"start":{"line":66,"column":46},"end":{"line":66,"column":69}},"24":{"start":{"line":73,"column":6},"end":{"line":79,"column":7}},"25":{"start":{"line":74,"column":8},"end":{"line":74,"column":47}},"26":{"start":{"line":76,"column":13},"end":{"line":79,"column":7}},"27":{"start":{"line":77,"column":8},"end":{"line":77,"column":48}},"28":{"start":{"line":80,"column":6},"end":{"line":80,"column":31}},"29":{"start":{"line":82,"column":6},"end":{"line":82,"column":67}},"30":{"start":{"line":84,"column":6},"end":{"line":84,"column":38}},"31":{"start":{"line":88,"column":2},"end":{"line":143,"column":5}},"32":{"start":{"line":90,"column":15},"end":{"line":90,"column":58}},"33":{"start":{"line":90,"column":38},"end":{"line":90,"column":57}},"34":{"start":{"line":91,"column":4},"end":{"line":91,"column":23}},"35":{"start":{"line":92,"column":4},"end":{"line":92,"column":51}},"36":{"start":{"line":94,"column":4},"end":{"line":101,"column":6}},"37":{"start":{"line":102,"column":4},"end":{"line":109,"column":6}},"38":{"start":{"line":110,"column":4},"end":{"line":117,"column":6}},"39":{"start":{"line":118,"column":4},"end":{"line":125,"column":6}},"40":{"start":{"line":127,"column":24},"end":{"line":127,"column":75}},"41":{"start":{"line":127,"column":44},"end":{"line":127,"column":74}},"42":{"start":{"line":128,"column":24},"end":{"line":128,"column":75}},"43":{"start":{"line":128,"column":44},"end":{"line":128,"column":74}},"44":{"start":{"line":129,"column":26},"end":{"line":129,"column":79}},"45":{"start":{"line":129,"column":48},"end":{"line":129,"column":78}},"46":{"start":{"line":130,"column":25},"end":{"line":130,"column":77}},"47":{"start":{"line":130,"column":46},"end":{"line":130,"column":76}},"48":{"start":{"line":131,"column":4},"end":{"line":131,"column":93}},"49":{"start":{"line":132,"column":15},"end":{"line":138,"column":5}},"50":{"start":{"line":141,"column":4},"end":{"line":141,"column":31}},"51":{"start":{"line":142,"column":4},"end":{"line":142,"column":52}},"52":{"start":{"line":145,"column":2},"end":{"line":149,"column":5}},"53":{"start":{"line":146,"column":15},"end":{"line":146,"column":58}},"54":{"start":{"line":146,"column":38},"end":{"line":146,"column":57}},"55":{"start":{"line":147,"column":4},"end":{"line":147,"column":19}},"56":{"start":{"line":148,"column":4},"end":{"line":148,"column":50}},"57":{"start":{"line":151,"column":2},"end":{"line":154,"column":5}},"58":{"start":{"line":152,"column":15},"end":{"line":152,"column":58}},"59":{"start":{"line":152,"column":38},"end":{"line":152,"column":57}},"60":{"start":{"line":153,"column":4},"end":{"line":153,"column":55}},"61":{"start":{"line":156,"column":2},"end":{"line":174,"column":5}},"62":{"start":{"line":157,"column":4},"end":{"line":173,"column":5}},"63":{"start":{"line":159,"column":6},"end":{"line":159,"column":36}},"64":{"start":{"line":165,"column":6},"end":{"line":165,"column":75}},"65":{"start":{"line":166,"column":11},"end":{"line":173,"column":5}},"66":{"start":{"line":167,"column":6},"end":{"line":167,"column":75}},"67":{"start":{"line":168,"column":11},"end":{"line":173,"column":5}},"68":{"start":{"line":169,"column":6},"end":{"line":169,"column":30}},"69":{"start":{"line":170,"column":6},"end":{"line":170,"column":69}},"70":{"start":{"line":171,"column":11},"end":{"line":173,"column":5}},"71":{"start":{"line":172,"column":6},"end":{"line":172,"column":69}},"72":{"start":{"line":182,"column":2},"end":{"line":185,"column":4}},"73":{"start":{"line":184,"column":4},"end":{"line":184,"column":45}},"74":{"start":{"line":191,"column":2},"end":{"line":194,"column":5}},"75":{"start":{"line":193,"column":4},"end":{"line":193,"column":37}},"76":{"start":{"line":197,"column":0},"end":{"line":199,"column":3}},"77":{"start":{"line":198,"column":2},"end":{"line":198,"column":43}},"78":{"start":{"line":202,"column":0},"end":{"line":202,"column":20}}},"fnMap":{"0":{"name":"(anonymous_0)","decl":{"start":{"line":22,"column":20},"end":{"line":22,"column":21}},"loc":{"start":{"line":22,"column":32},"end":{"line":195,"column":1}},"line":22},"1":{"name":"(anonymous_1)","decl":{"start":{"line":47,"column":26},"end":{"line":47,"column":27}},"loc":{"start":{"line":47,"column":39},"end":{"line":62,"column":3}},"line":47},"2":{"name":"(anonymous_2)","decl":{"start":{"line":64,"column":24},"end":{"line":64,"column":25}},"loc":{"start":{"line":64,"column":37},"end":{"line":86,"column":3}},"line":64},"3":{"name":"(anonymous_3)","decl":{"start":{"line":65,"column":34},"end":{"line":65,"column":35}},"loc":{"start":{"line":65,"column":40},"end":{"line":85,"column":5}},"line":65},"4":{"name":"(anonymous_4)","decl":{"start":{"line":66,"column":39},"end":{"line":66,"column":40}},"loc":{"start":{"line":66,"column":46},"end":{"line":66,"column":69}},"line":66},"5":{"name":"(anonymous_5)","decl":{"start":{"line":88,"column":25},"end":{"line":88,"column":26}},"loc":{"start":{"line":88,"column":38},"end":{"line":143,"column":3}},"line":88},"6":{"name":"(anonymous_6)","decl":{"start":{"line":90,"column":31},"end":{"line":90,"column":32}},"loc":{"start":{"line":90,"column":38},"end":{"line":90,"column":57}},"line":90},"7":{"name":"(anonymous_7)","decl":{"start":{"line":127,"column":39},"end":{"line":127,"column":40}},"loc":{"start":{"line":127,"column":44},"end":{"line":127,"column":74}},"line":127},"8":{"name":"(anonymous_8)","decl":{"start":{"line":128,"column":39},"end":{"line":128,"column":40}},"loc":{"start":{"line":128,"column":44},"end":{"line":128,"column":74}},"line":128},"9":{"name":"(anonymous_9)","decl":{"start":{"line":129,"column":43},"end":{"line":129,"column":44}},"loc":{"start":{"line":129,"column":48},"end":{"line":129,"column":78}},"line":129},"10":{"name":"(anonymous_10)","decl":{"start":{"line":130,"column":41},"end":{"line":130,"column":42}},"loc":{"start":{"line":130,"column":46},"end":{"line":130,"column":76}},"line":130},"11":{"name":"(anonymous_11)","decl":{"start":{"line":145,"column":27},"end":{"line":145,"column":28}},"loc":{"start":{"line":145,"column":40},"end":{"line":149,"column":3}},"line":145},"12":{"name":"(anonymous_12)","decl":{"start":{"line":146,"column":31},"end":{"line":146,"column":32}},"loc":{"start":{"line":146,"column":38},"end":{"line":146,"column":57}},"line":146},"13":{"name":"(anonymous_13)","decl":{"start":{"line":151,"column":27},"end":{"line":151,"column":28}},"loc":{"start":{"line":151,"column":40},"end":{"line":154,"column":3}},"line":151},"14":{"name":"(anonymous_14)","decl":{"start":{"line":152,"column":31},"end":{"line":152,"column":32}},"loc":{"start":{"line":152,"column":38},"end":{"line":152,"column":57}},"line":152},"15":{"name":"(anonymous_15)","decl":{"start":{"line":156,"column":22},"end":{"line":156,"column":23}},"loc":{"start":{"line":156,"column":34},"end":{"line":174,"column":3}},"line":156},"16":{"name":"(anonymous_16)","decl":{"start":{"line":182,"column":24},"end":{"line":182,"column":25}},"loc":{"start":{"line":182,"column":32},"end":{"line":185,"column":3}},"line":182},"17":{"name":"(anonymous_17)","decl":{"start":{"line":191,"column":26},"end":{"line":191,"column":27}},"loc":{"start":{"line":191,"column":32},"end":{"line":194,"column":3}},"line":191},"18":{"name":"(anonymous_18)","decl":{"start":{"line":197,"column":18},"end":{"line":197,"column":19}},"loc":{"start":{"line":197,"column":24},"end":{"line":199,"column":1}},"line":197}},"branchMap":{"0":{"loc":{"start":{"line":4,"column":13},"end":{"line":4,"column":37}},"type":"binary-expr","locations":[{"start":{"line":4,"column":13},"end":{"line":4,"column":29}},{"start":{"line":4,"column":33},"end":{"line":4,"column":37}}],"line":4},"1":{"loc":{"start":{"line":73,"column":6},"end":{"line":79,"column":7}},"type":"if","locations":[{"start":{"line":73,"column":6},"end":{"line":79,"column":7}},{"start":{"line":73,"column":6},"end":{"line":79,"column":7}}],"line":73},"2":{"loc":{"start":{"line":76,"column":13},"end":{"line":79,"column":7}},"type":"if","locations":[{"start":{"line":76,"column":13},"end":{"line":79,"column":7}},{"start":{"line":76,"column":13},"end":{"line":79,"column":7}}],"line":76},"3":{"loc":{"start":{"line":94,"column":4},"end":{"line":101,"column":6}},"type":"binary-expr","locations":[{"start":{"line":94,"column":4},"end":{"line":94,"column":19}},{"start":{"line":94,"column":23},"end":{"line":101,"column":6}}],"line":94},"4":{"loc":{"start":{"line":102,"column":4},"end":{"line":109,"column":6}},"type":"binary-expr","locations":[{"start":{"line":102,"column":4},"end":{"line":102,"column":19}},{"start":{"line":102,"column":23},"end":{"line":109,"column":6}}],"line":102},"5":{"loc":{"start":{"line":110,"column":4},"end":{"line":117,"column":6}},"type":"binary-expr","locations":[{"start":{"line":110,"column":4},"end":{"line":110,"column":19}},{"start":{"line":110,"column":23},"end":{"line":117,"column":6}}],"line":110},"6":{"loc":{"start":{"line":118,"column":4},"end":{"line":125,"column":6}},"type":"binary-expr","locations":[{"start":{"line":118,"column":4},"end":{"line":118,"column":19}},{"start":{"line":118,"column":23},"end":{"line":125,"column":6}}],"line":118},"7":{"loc":{"start":{"line":157,"column":4},"end":{"line":173,"column":5}},"type":"if","locations":[{"start":{"line":157,"column":4},"end":{"line":173,"column":5}},{"start":{"line":157,"column":4},"end":{"line":173,"column":5}}],"line":157},"8":{"loc":{"start":{"line":166,"column":11},"end":{"line":173,"column":5}},"type":"if","locations":[{"start":{"line":166,"column":11},"end":{"line":173,"column":5}},{"start":{"line":166,"column":11},"end":{"line":173,"column":5}}],"line":166},"9":{"loc":{"start":{"line":168,"column":11},"end":{"line":173,"column":5}},"type":"if","locations":[{"start":{"line":168,"column":11},"end":{"line":173,"column":5}},{"start":{"line":168,"column":11},"end":{"line":173,"column":5}}],"line":168},"10":{"loc":{"start":{"line":171,"column":11},"end":{"line":173,"column":5}},"type":"if","locations":[{"start":{"line":171,"column":11},"end":{"line":173,"column":5}},{"start":{"line":171,"column":11},"end":{"line":173,"column":5}}],"line":171}},"s":{"0":2,"1":2,"2":2,"3":2,"4":2,"5":2,"6":2,"7":2,"8":2,"9":2,"10":2,"11":2,"12":2,"13":2,"14":0,"15":0,"16":0,"17":0,"18":0,"19":0,"20":0,"21":0,"22":0,"23":0,"24":0,"25":0,"26":0,"27":0,"28":0,"29":0,"30":0,"31":0,"32":0,"33":0,"34":0,"35":0,"36":0,"37":0,"38":0,"39":0,"40":0,"41":0,"42":0,"43":0,"44":0,"45":0,"46":0,"47":0,"48":0,"49":0,"50":0,"51":0,"52":0,"53":0,"54":0,"55":0,"56":0,"57":0,"58":0,"59":0,"60":0,"61":0,"62":0,"63":0,"64":0,"65":0,"66":0,"67":0,"68":0,"69":0,"70":0,"71":0,"72":0,"73":0,"74":0,"75":0,"76":2,"77":1,"78":2},"f":{"0":0,"1":0,"2":0,"3":0,"4":0,"5":0,"6":0,"7":0,"8":0,"9":0,"10":0,"11":0,"12":0,"13":0,"14":0,"15":0,"16":0,"17":0,"18":1},"b":{"0":[2,2],"1":[0,0],"2":[0,0],"3":[0,0],"4":[0,0],"5":[0,0],"6":[0,0],"7":[0,0],"8":[0,0],"9":[0,0],"10":[0,0]},"_coverageSchema":"1a1c01bbd47fc00a2c39e90264f33305004495a9","hash":"454cb186d905937e9422fb279b2b352f480af9c2"}
,"/home/rivari/Documents/hacktiv8/Server-Divided-We-Stand/models/index.js": {"path":"/home/rivari/Documents/hacktiv8/Server-Divided-We-Stand/models/index.js","statementMap":{"0":{"start":{"line":3,"column":11},"end":{"line":3,"column":24}},"1":{"start":{"line":4,"column":13},"end":{"line":4,"column":28}},"2":{"start":{"line":5,"column":18},"end":{"line":5,"column":38}},"3":{"start":{"line":6,"column":17},"end":{"line":6,"column":42}},"4":{"start":{"line":7,"column":12},"end":{"line":7,"column":49}},"5":{"start":{"line":8,"column":15},"end":{"line":8,"column":65}},"6":{"start":{"line":9,"column":11},"end":{"line":9,"column":13}},"7":{"start":{"line":12,"column":0},"end":{"line":16,"column":1}},"8":{"start":{"line":13,"column":2},"end":{"line":13,"column":74}},"9":{"start":{"line":15,"column":2},"end":{"line":15,"column":87}},"10":{"start":{"line":18,"column":0},"end":{"line":26,"column":5}},"11":{"start":{"line":21,"column":4},"end":{"line":21,"column":90}},"12":{"start":{"line":24,"column":18},"end":{"line":24,"column":85}},"13":{"start":{"line":25,"column":4},"end":{"line":25,"column":27}},"14":{"start":{"line":28,"column":0},"end":{"line":32,"column":3}},"15":{"start":{"line":29,"column":2},"end":{"line":31,"column":3}},"16":{"start":{"line":30,"column":4},"end":{"line":30,"column":32}},"17":{"start":{"line":34,"column":0},"end":{"line":34,"column":25}},"18":{"start":{"line":35,"column":0},"end":{"line":35,"column":25}},"19":{"start":{"line":37,"column":0},"end":{"line":37,"column":20}}},"fnMap":{"0":{"name":"(anonymous_0)","decl":{"start":{"line":20,"column":10},"end":{"line":20,"column":11}},"loc":{"start":{"line":20,"column":18},"end":{"line":22,"column":3}},"line":20},"1":{"name":"(anonymous_1)","decl":{"start":{"line":23,"column":11},"end":{"line":23,"column":12}},"loc":{"start":{"line":23,"column":19},"end":{"line":26,"column":3}},"line":23},"2":{"name":"(anonymous_2)","decl":{"start":{"line":28,"column":24},"end":{"line":28,"column":25}},"loc":{"start":{"line":28,"column":37},"end":{"line":32,"column":1}},"line":28}},"branchMap":{"0":{"loc":{"start":{"line":7,"column":12},"end":{"line":7,"column":49}},"type":"binary-expr","locations":[{"start":{"line":7,"column":12},"end":{"line":7,"column":32}},{"start":{"line":7,"column":36},"end":{"line":7,"column":49}}],"line":7},"1":{"loc":{"start":{"line":12,"column":0},"end":{"line":16,"column":1}},"type":"if","locations":[{"start":{"line":12,"column":0},"end":{"line":16,"column":1}},{"start":{"line":12,"column":0},"end":{"line":16,"column":1}}],"line":12},"2":{"loc":{"start":{"line":21,"column":11},"end":{"line":21,"column":89}},"type":"binary-expr","locations":[{"start":{"line":21,"column":12},"end":{"line":21,"column":35}},{"start":{"line":21,"column":41},"end":{"line":21,"column":58}},{"start":{"line":21,"column":64},"end":{"line":21,"column":88}}],"line":21},"3":{"loc":{"start":{"line":29,"column":2},"end":{"line":31,"column":3}},"type":"if","locations":[{"start":{"line":29,"column":2},"end":{"line":31,"column":3}},{"start":{"line":29,"column":2},"end":{"line":31,"column":3}}],"line":29}},"s":{"0":1,"1":1,"2":1,"3":1,"4":1,"5":1,"6":1,"7":1,"8":0,"9":1,"10":1,"11":6,"12":5,"13":5,"14":1,"15":5,"16":5,"17":1,"18":1,"19":1},"f":{"0":6,"1":5,"2":5},"b":{"0":[1,0],"1":[0,1],"2":[6,6,5],"3":[5,0]},"_coverageSchema":"1a1c01bbd47fc00a2c39e90264f33305004495a9","hash":"023d85d298eb0a1f2b26ce9229e85a471d23dc6a"}
,"/home/rivari/Documents/hacktiv8/Server-Divided-We-Stand/models/leaderboard.js": {"path":"/home/rivari/Documents/hacktiv8/Server-Divided-We-Stand/models/leaderboard.js","statementMap":{"0":{"start":{"line":4,"column":4},"end":{"line":4,"column":24}},"1":{"start":{"line":5,"column":0},"end":{"line":38,"column":2}},"2":{"start":{"line":14,"column":6},"end":{"line":14,"column":40}},"3":{"start":{"line":17,"column":2},"end":{"line":36,"column":5}},"4":{"start":{"line":37,"column":2},"end":{"line":37,"column":21}}},"fnMap":{"0":{"name":"(anonymous_0)","decl":{"start":{"line":5,"column":17},"end":{"line":5,"column":18}},"loc":{"start":{"line":5,"column":43},"end":{"line":38,"column":1}},"line":5},"1":{"name":"(anonymous_1)","decl":{"start":{"line":12,"column":4},"end":{"line":12,"column":5}},"loc":{"start":{"line":12,"column":29},"end":{"line":15,"column":5}},"line":12}},"branchMap":{},"s":{"0":1,"1":1,"2":1,"3":1,"4":1},"f":{"0":1,"1":1},"b":{},"_coverageSchema":"1a1c01bbd47fc00a2c39e90264f33305004495a9","hash":"a5bd0c77377948d66e2d47577493b1c0d809f523"}
,"/home/rivari/Documents/hacktiv8/Server-Divided-We-Stand/models/room.js": {"path":"/home/rivari/Documents/hacktiv8/Server-Divided-We-Stand/models/room.js","statementMap":{"0":{"start":{"line":4,"column":4},"end":{"line":4,"column":24}},"1":{"start":{"line":5,"column":0},"end":{"line":35,"column":2}},"2":{"start":{"line":14,"column":6},"end":{"line":14,"column":34}},"3":{"start":{"line":15,"column":6},"end":{"line":15,"column":34}},"4":{"start":{"line":16,"column":6},"end":{"line":16,"column":40}},"5":{"start":{"line":19,"column":2},"end":{"line":33,"column":5}},"6":{"start":{"line":34,"column":2},"end":{"line":34,"column":14}}},"fnMap":{"0":{"name":"(anonymous_0)","decl":{"start":{"line":5,"column":17},"end":{"line":5,"column":18}},"loc":{"start":{"line":5,"column":43},"end":{"line":35,"column":1}},"line":5},"1":{"name":"(anonymous_1)","decl":{"start":{"line":12,"column":4},"end":{"line":12,"column":5}},"loc":{"start":{"line":12,"column":29},"end":{"line":17,"column":5}},"line":12}},"branchMap":{},"s":{"0":1,"1":1,"2":1,"3":1,"4":1,"5":1,"6":1},"f":{"0":1,"1":1},"b":{},"_coverageSchema":"1a1c01bbd47fc00a2c39e90264f33305004495a9","hash":"0865ffd92854beb31f2c870443747263fa0fea9d"}
,"/home/rivari/Documents/hacktiv8/Server-Divided-We-Stand/models/teamone.js": {"path":"/home/rivari/Documents/hacktiv8/Server-Divided-We-Stand/models/teamone.js","statementMap":{"0":{"start":{"line":4,"column":4},"end":{"line":4,"column":24}},"1":{"start":{"line":5,"column":0},"end":{"line":47,"column":2}},"2":{"start":{"line":14,"column":6},"end":{"line":14,"column":36}},"3":{"start":{"line":17,"column":2},"end":{"line":45,"column":5}},"4":{"start":{"line":46,"column":2},"end":{"line":46,"column":17}}},"fnMap":{"0":{"name":"(anonymous_0)","decl":{"start":{"line":5,"column":17},"end":{"line":5,"column":18}},"loc":{"start":{"line":5,"column":43},"end":{"line":47,"column":1}},"line":5},"1":{"name":"(anonymous_1)","decl":{"start":{"line":12,"column":4},"end":{"line":12,"column":5}},"loc":{"start":{"line":12,"column":29},"end":{"line":15,"column":5}},"line":12}},"branchMap":{},"s":{"0":1,"1":1,"2":1,"3":1,"4":1},"f":{"0":1,"1":1},"b":{},"_coverageSchema":"1a1c01bbd47fc00a2c39e90264f33305004495a9","hash":"5e23f1a944a74ece9d461a33fd7bb5593106b406"}
,"/home/rivari/Documents/hacktiv8/Server-Divided-We-Stand/models/teamtwo.js": {"path":"/home/rivari/Documents/hacktiv8/Server-Divided-We-Stand/models/teamtwo.js","statementMap":{"0":{"start":{"line":4,"column":4},"end":{"line":4,"column":24}},"1":{"start":{"line":5,"column":0},"end":{"line":47,"column":2}},"2":{"start":{"line":14,"column":6},"end":{"line":14,"column":36}},"3":{"start":{"line":17,"column":2},"end":{"line":45,"column":5}},"4":{"start":{"line":46,"column":2},"end":{"line":46,"column":17}}},"fnMap":{"0":{"name":"(anonymous_0)","decl":{"start":{"line":5,"column":17},"end":{"line":5,"column":18}},"loc":{"start":{"line":5,"column":43},"end":{"line":47,"column":1}},"line":5},"1":{"name":"(anonymous_1)","decl":{"start":{"line":12,"column":4},"end":{"line":12,"column":5}},"loc":{"start":{"line":12,"column":29},"end":{"line":15,"column":5}},"line":12}},"branchMap":{},"s":{"0":1,"1":1,"2":1,"3":1,"4":1},"f":{"0":1,"1":1},"b":{},"_coverageSchema":"1a1c01bbd47fc00a2c39e90264f33305004495a9","hash":"3e6eece5001a4fa1b75b1f51dc861b33086d9f42"}
,"/home/rivari/Documents/hacktiv8/Server-Divided-We-Stand/models/user.js": {"path":"/home/rivari/Documents/hacktiv8/Server-Divided-We-Stand/models/user.js","statementMap":{"0":{"start":{"line":4,"column":4},"end":{"line":4,"column":24}},"1":{"start":{"line":5,"column":0},"end":{"line":23,"column":2}},"2":{"start":{"line":16,"column":2},"end":{"line":21,"column":5}},"3":{"start":{"line":22,"column":2},"end":{"line":22,"column":14}}},"fnMap":{"0":{"name":"(anonymous_0)","decl":{"start":{"line":5,"column":17},"end":{"line":5,"column":18}},"loc":{"start":{"line":5,"column":43},"end":{"line":23,"column":1}},"line":5},"1":{"name":"(anonymous_1)","decl":{"start":{"line":12,"column":4},"end":{"line":12,"column":5}},"loc":{"start":{"line":12,"column":29},"end":{"line":14,"column":5}},"line":12}},"branchMap":{},"s":{"0":1,"1":1,"2":1,"3":1},"f":{"0":1,"1":1},"b":{},"_coverageSchema":"1a1c01bbd47fc00a2c39e90264f33305004495a9","hash":"36938b0e1c5c9b907b5c217592a26474dab4193d"}
}
